Arguments: 
  /home/rach/.nvm/versions/node/v16.14.2/bin/node /snap/node/5953/bin/yarn.js global dir

PATH: 
  /home/rach/.nvm/versions/node/v16.14.2/bin:/usr/local/sbin:/usr/local/bin:/usr/sbin:/usr/bin:/sbin:/bin:/usr/games:/usr/local/games:/snap/bin

Yarn version: 
  1.22.17

Node version: 
  16.14.2

Platform: 
  linux x64

Trace: 
  Error: EACCES: permission denied, write
      at writeSync (node:fs:884:3)
      at SyncWriteStream._write (node:internal/fs/sync_write_stream:25:3)
      at writeOrBuffer (node:internal/streams/writable:389:12)
      at _write (node:internal/streams/writable:330:10)
      at SyncWriteStream.Writable.write (node:internal/streams/writable:334:10)
      at ConsoleReporter._log (/snap/node/5953/lib/cli.js:96904:17)
      at ConsoleReporter.log (/snap/node/5953/lib/cli.js:96892:10)
      at dir (/snap/node/5953/lib/cli.js:36299:14)
      at Object.<anonymous> (/snap/node/5953/lib/cli.js:25983:25)
      at Generator.next (<anonymous>)

npm manifest: 
  {
    "name": "frontend",
    "version": "1.0.0",
    "main": "node_modules/expo/AppEntry.js",
    "scripts": {
      "start": "expo start",
      "android": "expo start --android",
      "ios": "expo start --ios",
      "web": "expo start --web",
      "eject": "expo eject"
    },
    "dependencies": {
      "@react-native-async-storage/async-storage": "~1.15.0",
      "@react-navigation/drawer": "^6.3.1",
      "@react-navigation/native": "^6.0.8",
      "@react-navigation/stack": "^6.1.1",
      "crypto": "^1.0.1",
      "expo": "~44.0.0",
      "expo-camera": "^12.1.2",
      "expo-media-library": "^14.0.1",
      "firebase": "^9.6.9",
      "node": "^14.16.1",
      "react": "17.0.1",
      "react-dom": "17.0.1",
      "react-native": "0.64.3",
      "react-native-elements": "^3.4.2",
      "react-native-gesture-handler": "~2.1.0",
      "react-native-reanimated": "~2.3.1",
      "react-native-safe-area-context": "3.3.2",
      "react-native-vision-camera": "^2.13.0",
      "react-native-web": "0.17.1",
      "react-native-web-webview": "^1.0.2",
      "react-native-webview": "11.15.0",
      "react-native-youtube-iframe": "^2.2.2",
      "react-navigation": "^4.4.4"
    },
    "devDependencies": {
      "@babel/core": "^7.12.9"
    },
    "private": true
  }

yarn manifest: 
  No manifest

Lockfile: 
  No lockfile
